# JRE version: OpenJDK Runtime Environment Temurin-17.0.18+8 (17.0.18+8) (build 17.0.18+8)
# Java VM: OpenJDK 64-Bit Server VM Temurin-17.0.18+8 (17.0.18+8, mixed mode, sharing, tiered, compressed oops, compressed class ptrs, g1 gc, windows-amd64)
GC Precious Log:
 CPUs: 4 total, 4 available
 Memory: 3775M
 Large Page Support: Disabled
 NUMA Support: Disabled
 Compressed Oops: Enabled (32-bit)
 Heap Region Size: 1M
 Heap Min Capacity: 8M
 Heap Initial Capacity: 60M
 Heap Max Capacity: 2G
 Pre-touch: Disabled
 Parallel Workers: 4
 Concurrent Workers: 1
 Concurrent Refinement Workers: 4
 Periodic GC: Disabled
Heap:
 garbage-first heap   total 561152K, used 242688K [0x0000000080000000, 0x0000000100000000)
  region size 1024K, 91 young (93184K), 5 survivors (5120K)
 Metaspace       used 137479K, committed 138304K, reserved 557056K
  class space    used 17478K, committed 17856K, reserved 425984K
GC Heap History (20 events):
Event: 71.244 GC heap before
{Heap before GC invocations=69 (full 0):
 garbage-first heap   total 235520K, used 198176K [0x0000000080000000, 0x0000000100000000)
  region size 1024K, 104 young (106496K), 7 survivors (7168K)
 Metaspace       used 120858K, committed 121600K, reserved 557056K
  class space    used 15469K, committed 15808K, reserved 425984K
}
Event: 71.253 GC heap after
{Heap after GC invocations=70 (full 0):
 garbage-first heap   total 235520K, used 100270K [0x0000000080000000, 0x0000000100000000)
  region size 1024K, 8 young (8192K), 8 survivors (8192K)
 Metaspace       used 120858K, committed 121600K, reserved 557056K
  class space    used 15469K, committed 15808K, reserved 425984K
}
Event: 71.638 GC heap before
{Heap before GC invocations=70 (full 0):
 garbage-first heap   total 235520K, used 200622K [0x0000000080000000, 0x0000000100000000)
  region size 1024K, 106 young (108544K), 8 survivors (8192K)
 Metaspace       used 120858K, committed 121600K, reserved 557056K
  class space    used 15469K, committed 15808K, reserved 425984K
}
Event: 71.650 GC heap after
{Heap after GC invocations=71 (full 0):
 garbage-first heap   total 235520K, used 101518K [0x0000000080000000, 0x0000000100000000)
  region size 1024K, 5 young (5120K), 5 survivors (5120K)
 Metaspace       used 120858K, committed 121600K, reserved 557056K
  class space    used 15469K, committed 15808K, reserved 425984K
}
Event: 72.015 GC heap before
{Heap before GC invocations=71 (full 0):
 garbage-first heap   total 235520K, used 200846K [0x0000000080000000, 0x0000000100000000)
  region size 1024K, 102 young (104448K), 5 survivors (5120K)
 Metaspace       used 120858K, committed 121600K, reserved 557056K
  class space    used 15469K, committed 15808K, reserved 425984K
}
Event: 72.023 GC heap after
{Heap after GC invocations=72 (full 0):
 garbage-first heap   total 561152K, used 103131K [0x0000000080000000, 0x0000000100000000)
  region size 1024K, 6 young (6144K), 6 survivors (6144K)
 Metaspace       used 120858K, committed 121600K, reserved 557056K
  class space    used 15469K, committed 15808K, reserved 425984K
}
Event: 93.233 GC heap before
{Heap before GC invocations=72 (full 0):
 garbage-first heap   total 561152K, used 433883K [0x0000000080000000, 0x0000000100000000)
  region size 1024K, 328 young (335872K), 6 survivors (6144K)
 Metaspace       used 133834K, committed 134592K, reserved 557056K
  class space    used 17045K, committed 17408K, reserved 425984K
}
Event: 93.358 GC heap after
{Heap after GC invocations=73 (full 0):
 garbage-first heap   total 561152K, used 110941K [0x0000000080000000, 0x0000000100000000)
  region size 1024K, 14 young (14336K), 14 survivors (14336K)
 Metaspace       used 133834K, committed 134592K, reserved 557056K
  class space    used 17045K, committed 17408K, reserved 425984K
}
Event: 114.369 GC heap before
{Heap before GC invocations=73 (full 0):
 garbage-first heap   total 561152K, used 438621K [0x0000000080000000, 0x0000000100000000)
  region size 1024K, 328 young (335872K), 14 survivors (14336K)
 Metaspace       used 136454K, committed 137280K, reserved 557056K
  class space    used 17399K, committed 17792K, reserved 425984K
}
Event: 114.687 GC heap after
{Heap after GC invocations=74 (full 0):
 garbage-first heap   total 561152K, used 122164K [0x0000000080000000, 0x0000000100000000)
  region size 1024K, 21 young (21504K), 21 survivors (21504K)
 Metaspace       used 136454K, committed 137280K, reserved 557056K
  class space    used 17399K, committed 17792K, reserved 425984K
}
Event: 127.714 GC heap before
{Heap before GC invocations=74 (full 0):
 garbage-first heap   total 561152K, used 382260K [0x0000000080000000, 0x0000000100000000)
  region size 1024K, 276 young (282624K), 21 survivors (21504K)
 Metaspace       used 136458K, committed 137280K, reserved 557056K
  class space    used 17399K, committed 17792K, reserved 425984K
}
Event: 127.880 GC heap after
{Heap after GC invocations=75 (full 0):
 garbage-first heap   total 561152K, used 127756K [0x0000000080000000, 0x0000000100000000)
  region size 1024K, 24 young (24576K), 24 survivors (24576K)
 Metaspace       used 136458K, committed 137280K, reserved 557056K
  class space    used 17399K, committed 17792K, reserved 425984K
}
Event: 131.235 GC heap before
{Heap before GC invocations=75 (full 0):
 garbage-first heap   total 561152K, used 224012K [0x0000000080000000, 0x0000000100000000)
  region size 1024K, 114 young (116736K), 24 survivors (24576K)
 Metaspace       used 136482K, committed 137344K, reserved 557056K
  class space    used 17399K, committed 17792K, reserved 425984K
}
Event: 131.329 GC heap after
{Heap after GC invocations=76 (full 0):
 garbage-first heap   total 561152K, used 145224K [0x0000000080000000, 0x0000000100000000)
  region size 1024K, 15 young (15360K), 15 survivors (15360K)
 Metaspace       used 136482K, committed 137344K, reserved 557056K
  class space    used 17399K, committed 17792K, reserved 425984K
}
Event: 132.504 GC heap before
{Heap before GC invocations=76 (full 0):
 garbage-first heap   total 561152K, used 157512K [0x0000000080000000, 0x0000000100000000)
  region size 1024K, 27 young (27648K), 15 survivors (15360K)
 Metaspace       used 136620K, committed 137408K, reserved 557056K
  class space    used 17404K, committed 17792K, reserved 425984K
}
Event: 132.539 GC heap after
{Heap after GC invocations=77 (full 0):
 garbage-first heap   total 561152K, used 148480K [0x0000000080000000, 0x0000000100000000)
  region size 1024K, 2 young (2048K), 2 survivors (2048K)
 Metaspace       used 136620K, committed 137408K, reserved 557056K
  class space    used 17404K, committed 17792K, reserved 425984K
}
Event: 142.474 GC heap before
{Heap before GC invocations=77 (full 0):
 garbage-first heap   total 561152K, used 458752K [0x0000000080000000, 0x0000000100000000)
  region size 1024K, 302 young (309248K), 2 survivors (2048K)
 Metaspace       used 137469K, committed 138304K, reserved 557056K
  class space    used 17478K, committed 17856K, reserved 425984K
}
Event: 142.484 GC heap after
{Heap after GC invocations=78 (full 0):
 garbage-first heap   total 561152K, used 154056K [0x0000000080000000, 0x0000000100000000)
  region size 1024K, 4 young (4096K), 4 survivors (4096K)
 Metaspace       used 137469K, committed 138304K, reserved 557056K
  class space    used 17478K, committed 17856K, reserved 425984K
}
Event: 148.687 GC heap before
{Heap before GC invocations=78 (full 0):
 garbage-first heap   total 561152K, used 464328K [0x0000000080000000, 0x0000000100000000)
  region size 1024K, 307 young (314368K), 4 survivors (4096K)
 Metaspace       used 137479K, committed 138304K, reserved 557056K
  class space    used 17478K, committed 17856K, reserved 425984K
}
Event: 148.704 GC heap after
{Heap after GC invocations=79 (full 0):
 garbage-first heap   total 561152K, used 155648K [0x0000000080000000, 0x0000000100000000)
  region size 1024K, 5 young (5120K), 5 survivors (5120K)
 Metaspace       used 137479K, committed 138304K, reserved 557056K
  class space    used 17478K, committed 17856K, reserved 425984K
}

